[9.020s] DEBUG:colcon:Command line arguments: ['/usr/bin/colcon', 'build', '--symlink-install']
[9.021s] DEBUG:colcon:Parsed command line arguments: Namespace(allow_overriding=[], ament_cmake_args=None, base_paths=['.'], build_base='build', catkin_cmake_args=None, catkin_skip_building_tests=False, cmake_args=None, cmake_clean_cache=False, cmake_clean_first=False, cmake_force_configure=False, cmake_target=None, cmake_target_skip_unavailable=False, continue_on_error=False, event_handlers=None, executor='parallel', ignore_user_meta=False, install_base='install', log_base=None, log_level=None, main=<bound method BuildVerb.main of <colcon_core.verb.build.BuildVerb object at 0x7f1044845130>>, merge_install=False, metas=['./colcon.meta'], packages_above=None, packages_above_and_dependencies=None, packages_above_depth=None, packages_end=None, packages_ignore=None, packages_ignore_regex=None, packages_select=None, packages_select_build_failed=False, packages_select_by_dep=None, packages_select_regex=None, packages_select_test_failures=False, packages_skip=None, packages_skip_build_finished=False, packages_skip_by_dep=None, packages_skip_regex=None, packages_skip_test_passed=False, packages_skip_up_to=None, packages_start=None, packages_up_to=None, packages_up_to_regex=None, parallel_workers=8, paths=None, symlink_install=True, test_result_base=None, verb_extension=<colcon_core.verb.build.BuildVerb object at 0x7f1044845130>, verb_name='build', verb_parser=<colcon_defaults.argument_parser.defaults.DefaultArgumentsDecorator object at 0x7f104476d640>)
[9.379s] Level 1:colcon.colcon_core.package_discovery:discover_packages(colcon_meta) check parameters
[9.379s] Level 1:colcon.colcon_core.package_discovery:discover_packages(recursive) check parameters
[9.379s] Level 1:colcon.colcon_core.package_discovery:discover_packages(ignore) check parameters
[9.379s] Level 1:colcon.colcon_core.package_discovery:discover_packages(path) check parameters
[9.379s] Level 1:colcon.colcon_core.package_discovery:discover_packages(colcon_meta) discover
[9.379s] Level 1:colcon.colcon_core.package_discovery:discover_packages(recursive) discover
[9.379s] INFO:colcon.colcon_core.package_discovery:Crawling recursively for packages in '/home/ubuntu20/ros2_ws'
[9.379s] Level 1:colcon.colcon_core.package_identification:_identify(.) by extensions ['ignore', 'ignore_ament_install']
[9.379s] Level 1:colcon.colcon_core.package_identification:_identify(.) by extension 'ignore'
[9.379s] Level 1:colcon.colcon_core.package_identification:_identify(.) by extension 'ignore_ament_install'
[9.379s] Level 1:colcon.colcon_core.package_identification:_identify(.) by extensions ['colcon_pkg']
[9.380s] Level 1:colcon.colcon_core.package_identification:_identify(.) by extension 'colcon_pkg'
[9.380s] Level 1:colcon.colcon_core.package_identification:_identify(.) by extensions ['colcon_meta']
[9.380s] Level 1:colcon.colcon_core.package_identification:_identify(.) by extension 'colcon_meta'
[9.380s] Level 1:colcon.colcon_core.package_identification:_identify(.) by extensions ['ros']
[9.380s] Level 1:colcon.colcon_core.package_identification:_identify(.) by extension 'ros'
[9.396s] Level 1:colcon.colcon_core.package_identification:_identify(.) by extensions ['cmake', 'python']
[9.396s] Level 1:colcon.colcon_core.package_identification:_identify(.) by extension 'cmake'
[9.396s] Level 1:colcon.colcon_core.package_identification:_identify(.) by extension 'python'
[9.396s] Level 1:colcon.colcon_core.package_identification:_identify(.) by extensions ['python_setup_py']
[9.396s] Level 1:colcon.colcon_core.package_identification:_identify(.) by extension 'python_setup_py'
[9.396s] Level 1:colcon.colcon_core.package_identification:_identify(build) by extensions ['ignore', 'ignore_ament_install']
[9.397s] Level 1:colcon.colcon_core.package_identification:_identify(build) by extension 'ignore'
[9.397s] Level 1:colcon.colcon_core.package_identification:_identify(build) ignored
[9.397s] Level 1:colcon.colcon_core.package_identification:_identify(install) by extensions ['ignore', 'ignore_ament_install']
[9.397s] Level 1:colcon.colcon_core.package_identification:_identify(install) by extension 'ignore'
[9.397s] Level 1:colcon.colcon_core.package_identification:_identify(install) ignored
[9.397s] Level 1:colcon.colcon_core.package_identification:_identify(log) by extensions ['ignore', 'ignore_ament_install']
[9.397s] Level 1:colcon.colcon_core.package_identification:_identify(log) by extension 'ignore'
[9.397s] Level 1:colcon.colcon_core.package_identification:_identify(log) ignored
[9.398s] Level 1:colcon.colcon_core.package_identification:_identify(src) by extensions ['ignore', 'ignore_ament_install']
[9.398s] Level 1:colcon.colcon_core.package_identification:_identify(src) by extension 'ignore'
[9.398s] Level 1:colcon.colcon_core.package_identification:_identify(src) by extension 'ignore_ament_install'
[9.398s] Level 1:colcon.colcon_core.package_identification:_identify(src) by extensions ['colcon_pkg']
[9.398s] Level 1:colcon.colcon_core.package_identification:_identify(src) by extension 'colcon_pkg'
[9.398s] Level 1:colcon.colcon_core.package_identification:_identify(src) by extensions ['colcon_meta']
[9.398s] Level 1:colcon.colcon_core.package_identification:_identify(src) by extension 'colcon_meta'
[9.398s] Level 1:colcon.colcon_core.package_identification:_identify(src) by extensions ['ros']
[9.398s] Level 1:colcon.colcon_core.package_identification:_identify(src) by extension 'ros'
[9.398s] Level 1:colcon.colcon_core.package_identification:_identify(src) by extensions ['cmake', 'python']
[9.398s] Level 1:colcon.colcon_core.package_identification:_identify(src) by extension 'cmake'
[9.398s] Level 1:colcon.colcon_core.package_identification:_identify(src) by extension 'python'
[9.398s] Level 1:colcon.colcon_core.package_identification:_identify(src) by extensions ['python_setup_py']
[9.399s] Level 1:colcon.colcon_core.package_identification:_identify(src) by extension 'python_setup_py'
[9.399s] Level 1:colcon.colcon_core.package_identification:_identify(src/build) by extensions ['ignore', 'ignore_ament_install']
[9.399s] Level 1:colcon.colcon_core.package_identification:_identify(src/build) by extension 'ignore'
[9.399s] Level 1:colcon.colcon_core.package_identification:_identify(src/build) ignored
[9.399s] Level 1:colcon.colcon_core.package_identification:_identify(src/install) by extensions ['ignore', 'ignore_ament_install']
[9.399s] Level 1:colcon.colcon_core.package_identification:_identify(src/install) by extension 'ignore'
[9.399s] Level 1:colcon.colcon_core.package_identification:_identify(src/install) ignored
[9.399s] Level 1:colcon.colcon_core.package_identification:_identify(src/log) by extensions ['ignore', 'ignore_ament_install']
[9.400s] Level 1:colcon.colcon_core.package_identification:_identify(src/log) by extension 'ignore'
[9.400s] Level 1:colcon.colcon_core.package_identification:_identify(src/log) ignored
[9.400s] Level 1:colcon.colcon_core.package_identification:_identify(src/turtlebot4_controller) by extensions ['ignore', 'ignore_ament_install']
[9.400s] Level 1:colcon.colcon_core.package_identification:_identify(src/turtlebot4_controller) by extension 'ignore'
[9.400s] Level 1:colcon.colcon_core.package_identification:_identify(src/turtlebot4_controller) by extension 'ignore_ament_install'
[9.400s] Level 1:colcon.colcon_core.package_identification:_identify(src/turtlebot4_controller) by extensions ['colcon_pkg']
[9.400s] Level 1:colcon.colcon_core.package_identification:_identify(src/turtlebot4_controller) by extension 'colcon_pkg'
[9.400s] Level 1:colcon.colcon_core.package_identification:_identify(src/turtlebot4_controller) by extensions ['colcon_meta']
[9.400s] Level 1:colcon.colcon_core.package_identification:_identify(src/turtlebot4_controller) by extension 'colcon_meta'
[9.400s] Level 1:colcon.colcon_core.package_identification:_identify(src/turtlebot4_controller) by extensions ['ros']
[9.400s] Level 1:colcon.colcon_core.package_identification:_identify(src/turtlebot4_controller) by extension 'ros'
[9.404s] DEBUG:colcon.colcon_core.package_identification:Package 'src/turtlebot4_controller' with type 'ros.ament_python' and name 'turtlebot4_controller'
[9.404s] Level 1:colcon.colcon_core.package_discovery:discover_packages(recursive) using defaults
[9.404s] Level 1:colcon.colcon_core.package_discovery:discover_packages(ignore) discover
[9.404s] Level 1:colcon.colcon_core.package_discovery:discover_packages(ignore) using defaults
[9.404s] Level 1:colcon.colcon_core.package_discovery:discover_packages(path) discover
[9.404s] Level 1:colcon.colcon_core.package_discovery:discover_packages(path) using defaults
[10.256s] Level 1:colcon.colcon_core.package_discovery:discover_packages(prefix_path) check parameters
[10.256s] Level 1:colcon.colcon_core.package_discovery:discover_packages(prefix_path) discover
[10.581s] DEBUG:colcon.colcon_installed_package_information.package_discovery:Found 1 installed packages in /home/ubuntu20/ros2_ws/install
[10.745s] DEBUG:colcon.colcon_installed_package_information.package_discovery:Found 350 installed packages in /opt/ros/galactic
[10.748s] Level 1:colcon.colcon_core.package_discovery:discover_packages(prefix_path) using defaults
[11.219s] Level 5:colcon.colcon_core.verb:set package 'turtlebot4_controller' build argument 'cmake_args' from command line to 'None'
[11.219s] Level 5:colcon.colcon_core.verb:set package 'turtlebot4_controller' build argument 'cmake_target' from command line to 'None'
[11.219s] Level 5:colcon.colcon_core.verb:set package 'turtlebot4_controller' build argument 'cmake_target_skip_unavailable' from command line to 'False'
[11.219s] Level 5:colcon.colcon_core.verb:set package 'turtlebot4_controller' build argument 'cmake_clean_cache' from command line to 'False'
[11.219s] Level 5:colcon.colcon_core.verb:set package 'turtlebot4_controller' build argument 'cmake_clean_first' from command line to 'False'
[11.219s] Level 5:colcon.colcon_core.verb:set package 'turtlebot4_controller' build argument 'cmake_force_configure' from command line to 'False'
[11.219s] Level 5:colcon.colcon_core.verb:set package 'turtlebot4_controller' build argument 'ament_cmake_args' from command line to 'None'
[11.219s] Level 5:colcon.colcon_core.verb:set package 'turtlebot4_controller' build argument 'catkin_cmake_args' from command line to 'None'
[11.219s] Level 5:colcon.colcon_core.verb:set package 'turtlebot4_controller' build argument 'catkin_skip_building_tests' from command line to 'False'
[11.219s] DEBUG:colcon.colcon_core.verb:Building package 'turtlebot4_controller' with the following arguments: {'ament_cmake_args': None, 'build_base': '/home/ubuntu20/ros2_ws/build/turtlebot4_controller', 'catkin_cmake_args': None, 'catkin_skip_building_tests': False, 'cmake_args': None, 'cmake_clean_cache': False, 'cmake_clean_first': False, 'cmake_force_configure': False, 'cmake_target': None, 'cmake_target_skip_unavailable': False, 'install_base': '/home/ubuntu20/ros2_ws/install/turtlebot4_controller', 'merge_install': False, 'path': '/home/ubuntu20/ros2_ws/src/turtlebot4_controller', 'symlink_install': True, 'test_result_base': None}
[11.381s] INFO:colcon.colcon_core.executor:Executing jobs using 'parallel' executor
[11.544s] DEBUG:colcon.colcon_parallel_executor.executor.parallel:run_until_complete
[11.544s] INFO:colcon.colcon_ros.task.ament_python.build:Building ROS package in '/home/ubuntu20/ros2_ws/src/turtlebot4_controller' with build type 'ament_python'
[11.544s] Level 1:colcon.colcon_core.shell:create_environment_hook('turtlebot4_controller', 'ament_prefix_path')
[11.715s] INFO:colcon.colcon_core.plugin_system:Skipping extension 'colcon_core.shell.bat': Not used on non-Windows systems
[11.715s] INFO:colcon.colcon_core.shell:Creating environment hook '/home/ubuntu20/ros2_ws/install/turtlebot4_controller/share/turtlebot4_controller/hook/ament_prefix_path.ps1'
[11.716s] INFO:colcon.colcon_core.shell:Creating environment descriptor '/home/ubuntu20/ros2_ws/install/turtlebot4_controller/share/turtlebot4_controller/hook/ament_prefix_path.dsv'
[11.717s] INFO:colcon.colcon_core.shell:Creating environment hook '/home/ubuntu20/ros2_ws/install/turtlebot4_controller/share/turtlebot4_controller/hook/ament_prefix_path.sh'
[11.884s] INFO:colcon.colcon_core.shell:Skip shell extension 'powershell' for command environment: Not usable outside of PowerShell
[11.884s] DEBUG:colcon.colcon_core.shell:Skip shell extension 'dsv' for command environment
[12.743s] INFO:colcon.colcon_core.task.python.build:Building Python package in '/home/ubuntu20/ros2_ws/src/turtlebot4_controller'
[12.912s] INFO:colcon.colcon_core.shell:Skip shell extension 'powershell' for command environment: Not usable outside of PowerShell
[12.912s] DEBUG:colcon.colcon_core.shell:Skip shell extension 'dsv' for command environment
[14.009s] DEBUG:colcon.colcon_core.event_handler.log_command:Invoking command in '/home/ubuntu20/ros2_ws/build/turtlebot4_controller': PYTHONPATH=/home/ubuntu20/ros2_ws/build/turtlebot4_controller/prefix_override:/home/ubuntu20/ros2_ws/install/turtlebot4_controller/lib/python3.8/site-packages:${PYTHONPATH} /usr/bin/python3 setup.py develop --editable --build-directory /home/ubuntu20/ros2_ws/build/turtlebot4_controller/build --no-deps install_data
[14.754s] Level 1:colcon.colcon_core.shell:create_environment_hook('turtlebot4_controller', 'pythonpath_develop')
[14.755s] DEBUG:colcon.colcon_core.event_handler.log_command:Invoked command in '/home/ubuntu20/ros2_ws/build/turtlebot4_controller' returned '0': PYTHONPATH=/home/ubuntu20/ros2_ws/build/turtlebot4_controller/prefix_override:/home/ubuntu20/ros2_ws/install/turtlebot4_controller/lib/python3.8/site-packages:${PYTHONPATH} /usr/bin/python3 setup.py develop --editable --build-directory /home/ubuntu20/ros2_ws/build/turtlebot4_controller/build --no-deps install_data
[14.926s] INFO:colcon.colcon_core.shell:Creating environment hook '/home/ubuntu20/ros2_ws/build/turtlebot4_controller/share/turtlebot4_controller/hook/pythonpath_develop.ps1'
[14.926s] INFO:colcon.colcon_core.shell:Creating environment descriptor '/home/ubuntu20/ros2_ws/build/turtlebot4_controller/share/turtlebot4_controller/hook/pythonpath_develop.dsv'
[14.927s] INFO:colcon.colcon_core.shell:Creating environment hook '/home/ubuntu20/ros2_ws/build/turtlebot4_controller/share/turtlebot4_controller/hook/pythonpath_develop.sh'
[15.097s] Level 1:colcon.colcon_core.environment:checking '/home/ubuntu20/ros2_ws/install/turtlebot4_controller' for CMake module files
[15.098s] Level 1:colcon.colcon_core.environment:checking '/home/ubuntu20/ros2_ws/install/turtlebot4_controller' for CMake config files
[15.099s] Level 1:colcon.colcon_core.environment:checking '/home/ubuntu20/ros2_ws/install/turtlebot4_controller/lib'
[15.099s] Level 1:colcon.colcon_core.environment:checking '/home/ubuntu20/ros2_ws/install/turtlebot4_controller/bin'
[15.099s] Level 1:colcon.colcon_core.environment:checking '/home/ubuntu20/ros2_ws/install/turtlebot4_controller/lib/pkgconfig/turtlebot4_controller.pc'
[15.100s] Level 1:colcon.colcon_core.environment:checking '/home/ubuntu20/ros2_ws/install/turtlebot4_controller/lib/python3.8/site-packages'
[15.100s] Level 1:colcon.colcon_core.shell:create_environment_hook('turtlebot4_controller', 'pythonpath')
[15.266s] INFO:colcon.colcon_core.shell:Creating environment hook '/home/ubuntu20/ros2_ws/install/turtlebot4_controller/share/turtlebot4_controller/hook/pythonpath.ps1'
[15.267s] INFO:colcon.colcon_core.shell:Creating environment descriptor '/home/ubuntu20/ros2_ws/install/turtlebot4_controller/share/turtlebot4_controller/hook/pythonpath.dsv'
[15.267s] INFO:colcon.colcon_core.shell:Creating environment hook '/home/ubuntu20/ros2_ws/install/turtlebot4_controller/share/turtlebot4_controller/hook/pythonpath.sh'
[15.268s] Level 1:colcon.colcon_core.environment:checking '/home/ubuntu20/ros2_ws/install/turtlebot4_controller/bin'
[15.268s] Level 1:colcon.colcon_core.environment:create_environment_scripts_only(turtlebot4_controller)
[15.435s] INFO:colcon.colcon_core.shell:Creating package script '/home/ubuntu20/ros2_ws/install/turtlebot4_controller/share/turtlebot4_controller/package.ps1'
[15.436s] INFO:colcon.colcon_core.shell:Creating package descriptor '/home/ubuntu20/ros2_ws/install/turtlebot4_controller/share/turtlebot4_controller/package.dsv'
[15.437s] INFO:colcon.colcon_core.shell:Creating package script '/home/ubuntu20/ros2_ws/install/turtlebot4_controller/share/turtlebot4_controller/package.sh'
[15.438s] INFO:colcon.colcon_core.shell:Creating package script '/home/ubuntu20/ros2_ws/install/turtlebot4_controller/share/turtlebot4_controller/package.bash'
[15.439s] INFO:colcon.colcon_core.shell:Creating package script '/home/ubuntu20/ros2_ws/install/turtlebot4_controller/share/turtlebot4_controller/package.zsh'
[15.440s] Level 1:colcon.colcon_core.environment:create_file_with_runtime_dependencies(/home/ubuntu20/ros2_ws/install/turtlebot4_controller/share/colcon-core/packages/turtlebot4_controller)
[15.440s] DEBUG:colcon.colcon_parallel_executor.executor.parallel:closing loop
[15.441s] DEBUG:colcon.colcon_parallel_executor.executor.parallel:loop closed
[15.441s] DEBUG:colcon.colcon_parallel_executor.executor.parallel:run_until_complete finished with '0'
[15.441s] DEBUG:colcon.colcon_core.event_reactor:joining thread
[15.625s] INFO:colcon.colcon_core.plugin_system:Skipping extension 'colcon_notification.desktop_notification.terminal_notifier': Not used on non-Darwin systems
[15.626s] INFO:colcon.colcon_core.plugin_system:Skipping extension 'colcon_notification.desktop_notification.win32': Not used on non-Windows systems
[15.626s] INFO:colcon.colcon_notification.desktop_notification:Sending desktop notification using 'notify2'
[15.645s] DEBUG:colcon.colcon_core.event_reactor:joined thread
[15.826s] INFO:colcon.colcon_core.shell:Creating prefix script '/home/ubuntu20/ros2_ws/install/local_setup.ps1'
[15.827s] INFO:colcon.colcon_core.shell:Creating prefix util module '/home/ubuntu20/ros2_ws/install/_local_setup_util_ps1.py'
[15.829s] INFO:colcon.colcon_core.shell:Creating prefix chain script '/home/ubuntu20/ros2_ws/install/setup.ps1'
[15.997s] INFO:colcon.colcon_core.shell:Creating prefix script '/home/ubuntu20/ros2_ws/install/local_setup.sh'
[15.998s] INFO:colcon.colcon_core.shell:Creating prefix util module '/home/ubuntu20/ros2_ws/install/_local_setup_util_sh.py'
[15.999s] INFO:colcon.colcon_core.shell:Creating prefix chain script '/home/ubuntu20/ros2_ws/install/setup.sh'
[16.165s] INFO:colcon.colcon_core.shell:Creating prefix script '/home/ubuntu20/ros2_ws/install/local_setup.bash'
[16.165s] INFO:colcon.colcon_core.shell:Creating prefix chain script '/home/ubuntu20/ros2_ws/install/setup.bash'
[16.330s] INFO:colcon.colcon_core.shell:Creating prefix script '/home/ubuntu20/ros2_ws/install/local_setup.zsh'
[16.331s] INFO:colcon.colcon_core.shell:Creating prefix chain script '/home/ubuntu20/ros2_ws/install/setup.zsh'
