running develop
running egg_info
creating turtlebot4_controller.egg-info
writing turtlebot4_controller.egg-info/PKG-INFO
writing dependency_links to turtlebot4_controller.egg-info/dependency_links.txt
writing entry points to turtlebot4_controller.egg-info/entry_points.txt
writing requirements to turtlebot4_controller.egg-info/requires.txt
writing top-level names to turtlebot4_controller.egg-info/top_level.txt
writing manifest file 'turtlebot4_controller.egg-info/SOURCES.txt'
reading manifest file 'turtlebot4_controller.egg-info/SOURCES.txt'
writing manifest file 'turtlebot4_controller.egg-info/SOURCES.txt'
running build_ext
Creating /home/ubuntu20/ros2_ws/src/install/turtlebot4_controller/lib/python3.8/site-packages/site.py
Creating /home/ubuntu20/ros2_ws/src/install/turtlebot4_controller/lib/python3.8/site-packages/turtlebot4-controller.egg-link (link to .)
Installing draw_circle script to /home/ubuntu20/ros2_ws/src/install/turtlebot4_controller/lib/turtlebot4_controller
Installing pose_subscriber script to /home/ubuntu20/ros2_ws/src/install/turtlebot4_controller/lib/turtlebot4_controller
Installing test_node script to /home/ubuntu20/ros2_ws/src/install/turtlebot4_controller/lib/turtlebot4_controller

Installed /home/ubuntu20/ros2_ws/src/build/turtlebot4_controller
running install_data
creating /home/ubuntu20/ros2_ws/src/install/turtlebot4_controller/share/ament_index
creating /home/ubuntu20/ros2_ws/src/install/turtlebot4_controller/share/ament_index/resource_index
creating /home/ubuntu20/ros2_ws/src/install/turtlebot4_controller/share/ament_index/resource_index/packages
copying resource/turtlebot4_controller -> /home/ubuntu20/ros2_ws/src/install/turtlebot4_controller/share/ament_index/resource_index/packages
copying package.xml -> /home/ubuntu20/ros2_ws/src/install/turtlebot4_controller/share/turtlebot4_controller
