[5.657s] DEBUG:colcon:Command line arguments: ['/usr/bin/colcon', 'build', '--symlink-install']
[5.657s] DEBUG:colcon:Parsed command line arguments: Namespace(allow_overriding=[], ament_cmake_args=None, base_paths=['.'], build_base='build', catkin_cmake_args=None, catkin_skip_building_tests=False, cmake_args=None, cmake_clean_cache=False, cmake_clean_first=False, cmake_force_configure=False, cmake_target=None, cmake_target_skip_unavailable=False, continue_on_error=False, event_handlers=None, executor='parallel', ignore_user_meta=False, install_base='install', log_base=None, log_level=None, main=<bound method BuildVerb.main of <colcon_core.verb.build.BuildVerb object at 0x7f44002e7400>>, merge_install=False, metas=['./colcon.meta'], packages_above=None, packages_above_and_dependencies=None, packages_above_depth=None, packages_end=None, packages_ignore=None, packages_ignore_regex=None, packages_select=None, packages_select_build_failed=False, packages_select_by_dep=None, packages_select_regex=None, packages_select_test_failures=False, packages_skip=None, packages_skip_build_finished=False, packages_skip_by_dep=None, packages_skip_regex=None, packages_skip_test_passed=False, packages_skip_up_to=None, packages_start=None, packages_up_to=None, packages_up_to_regex=None, parallel_workers=8, paths=None, symlink_install=True, test_result_base=None, verb_extension=<colcon_core.verb.build.BuildVerb object at 0x7f44002e7400>, verb_name='build', verb_parser=<colcon_defaults.argument_parser.defaults.DefaultArgumentsDecorator object at 0x7f43fff3b850>)
[5.945s] Level 1:colcon.colcon_core.package_discovery:discover_packages(colcon_meta) check parameters
[5.946s] Level 1:colcon.colcon_core.package_discovery:discover_packages(recursive) check parameters
[5.946s] Level 1:colcon.colcon_core.package_discovery:discover_packages(ignore) check parameters
[5.946s] Level 1:colcon.colcon_core.package_discovery:discover_packages(path) check parameters
[5.946s] Level 1:colcon.colcon_core.package_discovery:discover_packages(colcon_meta) discover
[5.946s] Level 1:colcon.colcon_core.package_discovery:discover_packages(recursive) discover
[5.946s] INFO:colcon.colcon_core.package_discovery:Crawling recursively for packages in '/home/ubuntu20/ros2_ws'
[5.946s] Level 1:colcon.colcon_core.package_identification:_identify(.) by extensions ['ignore', 'ignore_ament_install']
[5.946s] Level 1:colcon.colcon_core.package_identification:_identify(.) by extension 'ignore'
[5.946s] Level 1:colcon.colcon_core.package_identification:_identify(.) by extension 'ignore_ament_install'
[5.946s] Level 1:colcon.colcon_core.package_identification:_identify(.) by extensions ['colcon_pkg']
[5.946s] Level 1:colcon.colcon_core.package_identification:_identify(.) by extension 'colcon_pkg'
[5.946s] Level 1:colcon.colcon_core.package_identification:_identify(.) by extensions ['colcon_meta']
[5.947s] Level 1:colcon.colcon_core.package_identification:_identify(.) by extension 'colcon_meta'
[5.947s] Level 1:colcon.colcon_core.package_identification:_identify(.) by extensions ['ros']
[5.947s] Level 1:colcon.colcon_core.package_identification:_identify(.) by extension 'ros'
[5.963s] Level 1:colcon.colcon_core.package_identification:_identify(.) by extensions ['cmake', 'python']
[5.964s] Level 1:colcon.colcon_core.package_identification:_identify(.) by extension 'cmake'
[5.964s] Level 1:colcon.colcon_core.package_identification:_identify(.) by extension 'python'
[5.964s] Level 1:colcon.colcon_core.package_identification:_identify(.) by extensions ['python_setup_py']
[5.964s] Level 1:colcon.colcon_core.package_identification:_identify(.) by extension 'python_setup_py'
[5.964s] Level 1:colcon.colcon_core.package_identification:_identify(build) by extensions ['ignore', 'ignore_ament_install']
[5.964s] Level 1:colcon.colcon_core.package_identification:_identify(build) by extension 'ignore'
[5.964s] Level 1:colcon.colcon_core.package_identification:_identify(build) ignored
[5.964s] Level 1:colcon.colcon_core.package_identification:_identify(install) by extensions ['ignore', 'ignore_ament_install']
[5.965s] Level 1:colcon.colcon_core.package_identification:_identify(install) by extension 'ignore'
[5.965s] Level 1:colcon.colcon_core.package_identification:_identify(install) ignored
[5.965s] Level 1:colcon.colcon_core.package_identification:_identify(log) by extensions ['ignore', 'ignore_ament_install']
[5.965s] Level 1:colcon.colcon_core.package_identification:_identify(log) by extension 'ignore'
[5.965s] Level 1:colcon.colcon_core.package_identification:_identify(log) ignored
[5.966s] Level 1:colcon.colcon_core.package_identification:_identify(src) by extensions ['ignore', 'ignore_ament_install']
[5.966s] Level 1:colcon.colcon_core.package_identification:_identify(src) by extension 'ignore'
[5.966s] Level 1:colcon.colcon_core.package_identification:_identify(src) by extension 'ignore_ament_install'
[5.966s] Level 1:colcon.colcon_core.package_identification:_identify(src) by extensions ['colcon_pkg']
[5.966s] Level 1:colcon.colcon_core.package_identification:_identify(src) by extension 'colcon_pkg'
[5.966s] Level 1:colcon.colcon_core.package_identification:_identify(src) by extensions ['colcon_meta']
[5.966s] Level 1:colcon.colcon_core.package_identification:_identify(src) by extension 'colcon_meta'
[5.966s] Level 1:colcon.colcon_core.package_identification:_identify(src) by extensions ['ros']
[5.966s] Level 1:colcon.colcon_core.package_identification:_identify(src) by extension 'ros'
[5.966s] Level 1:colcon.colcon_core.package_identification:_identify(src) by extensions ['cmake', 'python']
[5.966s] Level 1:colcon.colcon_core.package_identification:_identify(src) by extension 'cmake'
[5.967s] Level 1:colcon.colcon_core.package_identification:_identify(src) by extension 'python'
[5.967s] Level 1:colcon.colcon_core.package_identification:_identify(src) by extensions ['python_setup_py']
[5.967s] Level 1:colcon.colcon_core.package_identification:_identify(src) by extension 'python_setup_py'
[5.967s] Level 1:colcon.colcon_core.package_identification:_identify(src/turtlebot4_controller) by extensions ['ignore', 'ignore_ament_install']
[5.967s] Level 1:colcon.colcon_core.package_identification:_identify(src/turtlebot4_controller) by extension 'ignore'
[5.967s] Level 1:colcon.colcon_core.package_identification:_identify(src/turtlebot4_controller) by extension 'ignore_ament_install'
[5.967s] Level 1:colcon.colcon_core.package_identification:_identify(src/turtlebot4_controller) by extensions ['colcon_pkg']
[5.967s] Level 1:colcon.colcon_core.package_identification:_identify(src/turtlebot4_controller) by extension 'colcon_pkg'
[5.967s] Level 1:colcon.colcon_core.package_identification:_identify(src/turtlebot4_controller) by extensions ['colcon_meta']
[5.967s] Level 1:colcon.colcon_core.package_identification:_identify(src/turtlebot4_controller) by extension 'colcon_meta'
[5.967s] Level 1:colcon.colcon_core.package_identification:_identify(src/turtlebot4_controller) by extensions ['ros']
[5.967s] Level 1:colcon.colcon_core.package_identification:_identify(src/turtlebot4_controller) by extension 'ros'
[5.972s] DEBUG:colcon.colcon_core.package_identification:Package 'src/turtlebot4_controller' with type 'ros.ament_python' and name 'turtlebot4_controller'
[5.972s] Level 1:colcon.colcon_core.package_discovery:discover_packages(recursive) using defaults
[5.972s] Level 1:colcon.colcon_core.package_discovery:discover_packages(ignore) discover
[5.972s] Level 1:colcon.colcon_core.package_discovery:discover_packages(ignore) using defaults
[5.972s] Level 1:colcon.colcon_core.package_discovery:discover_packages(path) discover
[5.972s] Level 1:colcon.colcon_core.package_discovery:discover_packages(path) using defaults
[6.910s] Level 1:colcon.colcon_core.package_discovery:discover_packages(prefix_path) check parameters
[6.910s] Level 1:colcon.colcon_core.package_discovery:discover_packages(prefix_path) discover
[7.230s] DEBUG:colcon.colcon_installed_package_information.package_discovery:Found 1 installed packages in /home/ubuntu20/ros2_ws/install
[7.400s] DEBUG:colcon.colcon_installed_package_information.package_discovery:Found 350 installed packages in /opt/ros/galactic
[7.403s] Level 1:colcon.colcon_core.package_discovery:discover_packages(prefix_path) using defaults
[7.940s] Level 5:colcon.colcon_core.verb:set package 'turtlebot4_controller' build argument 'cmake_args' from command line to 'None'
[7.941s] Level 5:colcon.colcon_core.verb:set package 'turtlebot4_controller' build argument 'cmake_target' from command line to 'None'
[7.941s] Level 5:colcon.colcon_core.verb:set package 'turtlebot4_controller' build argument 'cmake_target_skip_unavailable' from command line to 'False'
[7.941s] Level 5:colcon.colcon_core.verb:set package 'turtlebot4_controller' build argument 'cmake_clean_cache' from command line to 'False'
[7.941s] Level 5:colcon.colcon_core.verb:set package 'turtlebot4_controller' build argument 'cmake_clean_first' from command line to 'False'
[7.941s] Level 5:colcon.colcon_core.verb:set package 'turtlebot4_controller' build argument 'cmake_force_configure' from command line to 'False'
[7.941s] Level 5:colcon.colcon_core.verb:set package 'turtlebot4_controller' build argument 'ament_cmake_args' from command line to 'None'
[7.941s] Level 5:colcon.colcon_core.verb:set package 'turtlebot4_controller' build argument 'catkin_cmake_args' from command line to 'None'
[7.941s] Level 5:colcon.colcon_core.verb:set package 'turtlebot4_controller' build argument 'catkin_skip_building_tests' from command line to 'False'
[7.941s] DEBUG:colcon.colcon_core.verb:Building package 'turtlebot4_controller' with the following arguments: {'ament_cmake_args': None, 'build_base': '/home/ubuntu20/ros2_ws/build/turtlebot4_controller', 'catkin_cmake_args': None, 'catkin_skip_building_tests': False, 'cmake_args': None, 'cmake_clean_cache': False, 'cmake_clean_first': False, 'cmake_force_configure': False, 'cmake_target': None, 'cmake_target_skip_unavailable': False, 'install_base': '/home/ubuntu20/ros2_ws/install/turtlebot4_controller', 'merge_install': False, 'path': '/home/ubuntu20/ros2_ws/src/turtlebot4_controller', 'symlink_install': True, 'test_result_base': None}
[8.112s] INFO:colcon.colcon_core.executor:Executing jobs using 'parallel' executor
[8.283s] DEBUG:colcon.colcon_parallel_executor.executor.parallel:run_until_complete
[8.284s] INFO:colcon.colcon_ros.task.ament_python.build:Building ROS package in '/home/ubuntu20/ros2_ws/src/turtlebot4_controller' with build type 'ament_python'
[8.284s] Level 1:colcon.colcon_core.shell:create_environment_hook('turtlebot4_controller', 'ament_prefix_path')
[8.461s] INFO:colcon.colcon_core.plugin_system:Skipping extension 'colcon_core.shell.bat': Not used on non-Windows systems
[8.461s] INFO:colcon.colcon_core.shell:Creating environment hook '/home/ubuntu20/ros2_ws/install/turtlebot4_controller/share/turtlebot4_controller/hook/ament_prefix_path.ps1'
[8.462s] INFO:colcon.colcon_core.shell:Creating environment descriptor '/home/ubuntu20/ros2_ws/install/turtlebot4_controller/share/turtlebot4_controller/hook/ament_prefix_path.dsv'
[8.463s] INFO:colcon.colcon_core.shell:Creating environment hook '/home/ubuntu20/ros2_ws/install/turtlebot4_controller/share/turtlebot4_controller/hook/ament_prefix_path.sh'
[8.639s] INFO:colcon.colcon_core.shell:Skip shell extension 'powershell' for command environment: Not usable outside of PowerShell
[8.639s] DEBUG:colcon.colcon_core.shell:Skip shell extension 'dsv' for command environment
[9.578s] INFO:colcon.colcon_core.task.python.build:Building Python package in '/home/ubuntu20/ros2_ws/src/turtlebot4_controller'
[9.761s] INFO:colcon.colcon_core.shell:Skip shell extension 'powershell' for command environment: Not usable outside of PowerShell
[9.761s] DEBUG:colcon.colcon_core.shell:Skip shell extension 'dsv' for command environment
[10.943s] DEBUG:colcon.colcon_core.task.python.build:While undoing a previous installation files outside the Python library path are being ignored: /home/ubuntu20/ros2_ws/install/turtlebot4_controller/share/ament_index/resource_index/packages/turtlebot4_controller
[10.943s] DEBUG:colcon.colcon_core.task.python.build:While undoing a previous installation files outside the Python library path are being ignored: /home/ubuntu20/ros2_ws/install/turtlebot4_controller/share/turtlebot4_controller/package.xml
[10.943s] DEBUG:colcon.colcon_core.task.python.build:While undoing a previous installation files outside the Python library path are being ignored: /home/ubuntu20/ros2_ws/install/turtlebot4_controller/lib/turtlebot4_controller/test_node
[10.946s] DEBUG:colcon.colcon_core.event_handler.log_command:Invoking command in '/home/ubuntu20/ros2_ws/build/turtlebot4_controller': PYTHONPATH=/home/ubuntu20/ros2_ws/build/turtlebot4_controller/prefix_override:/home/ubuntu20/ros2_ws/install/turtlebot4_controller/lib/python3.8/site-packages:${PYTHONPATH} /usr/bin/python3 setup.py develop --editable --build-directory /home/ubuntu20/ros2_ws/build/turtlebot4_controller/build --no-deps install_data
[11.788s] Level 1:colcon.colcon_core.shell:create_environment_hook('turtlebot4_controller', 'pythonpath_develop')
[11.789s] DEBUG:colcon.colcon_core.event_handler.log_command:Invoked command in '/home/ubuntu20/ros2_ws/build/turtlebot4_controller' returned '0': PYTHONPATH=/home/ubuntu20/ros2_ws/build/turtlebot4_controller/prefix_override:/home/ubuntu20/ros2_ws/install/turtlebot4_controller/lib/python3.8/site-packages:${PYTHONPATH} /usr/bin/python3 setup.py develop --editable --build-directory /home/ubuntu20/ros2_ws/build/turtlebot4_controller/build --no-deps install_data
[11.973s] INFO:colcon.colcon_core.shell:Creating environment hook '/home/ubuntu20/ros2_ws/build/turtlebot4_controller/share/turtlebot4_controller/hook/pythonpath_develop.ps1'
[11.974s] INFO:colcon.colcon_core.shell:Creating environment descriptor '/home/ubuntu20/ros2_ws/build/turtlebot4_controller/share/turtlebot4_controller/hook/pythonpath_develop.dsv'
[11.975s] INFO:colcon.colcon_core.shell:Creating environment hook '/home/ubuntu20/ros2_ws/build/turtlebot4_controller/share/turtlebot4_controller/hook/pythonpath_develop.sh'
[12.167s] Level 1:colcon.colcon_core.environment:checking '/home/ubuntu20/ros2_ws/install/turtlebot4_controller' for CMake module files
[12.167s] Level 1:colcon.colcon_core.environment:checking '/home/ubuntu20/ros2_ws/install/turtlebot4_controller' for CMake config files
[12.168s] Level 1:colcon.colcon_core.environment:checking '/home/ubuntu20/ros2_ws/install/turtlebot4_controller/lib'
[12.168s] Level 1:colcon.colcon_core.environment:checking '/home/ubuntu20/ros2_ws/install/turtlebot4_controller/bin'
[12.169s] Level 1:colcon.colcon_core.environment:checking '/home/ubuntu20/ros2_ws/install/turtlebot4_controller/lib/pkgconfig/turtlebot4_controller.pc'
[12.169s] Level 1:colcon.colcon_core.environment:checking '/home/ubuntu20/ros2_ws/install/turtlebot4_controller/lib/python3.8/site-packages'
[12.169s] Level 1:colcon.colcon_core.shell:create_environment_hook('turtlebot4_controller', 'pythonpath')
[12.358s] INFO:colcon.colcon_core.shell:Creating environment hook '/home/ubuntu20/ros2_ws/install/turtlebot4_controller/share/turtlebot4_controller/hook/pythonpath.ps1'
[12.359s] INFO:colcon.colcon_core.shell:Creating environment descriptor '/home/ubuntu20/ros2_ws/install/turtlebot4_controller/share/turtlebot4_controller/hook/pythonpath.dsv'
[12.359s] INFO:colcon.colcon_core.shell:Creating environment hook '/home/ubuntu20/ros2_ws/install/turtlebot4_controller/share/turtlebot4_controller/hook/pythonpath.sh'
[12.360s] Level 1:colcon.colcon_core.environment:checking '/home/ubuntu20/ros2_ws/install/turtlebot4_controller/bin'
[12.360s] Level 1:colcon.colcon_core.environment:create_environment_scripts_only(turtlebot4_controller)
[12.545s] INFO:colcon.colcon_core.shell:Creating package script '/home/ubuntu20/ros2_ws/install/turtlebot4_controller/share/turtlebot4_controller/package.ps1'
[12.547s] INFO:colcon.colcon_core.shell:Creating package descriptor '/home/ubuntu20/ros2_ws/install/turtlebot4_controller/share/turtlebot4_controller/package.dsv'
[12.548s] INFO:colcon.colcon_core.shell:Creating package script '/home/ubuntu20/ros2_ws/install/turtlebot4_controller/share/turtlebot4_controller/package.sh'
[12.549s] INFO:colcon.colcon_core.shell:Creating package script '/home/ubuntu20/ros2_ws/install/turtlebot4_controller/share/turtlebot4_controller/package.bash'
[12.550s] INFO:colcon.colcon_core.shell:Creating package script '/home/ubuntu20/ros2_ws/install/turtlebot4_controller/share/turtlebot4_controller/package.zsh'
[12.551s] Level 1:colcon.colcon_core.environment:create_file_with_runtime_dependencies(/home/ubuntu20/ros2_ws/install/turtlebot4_controller/share/colcon-core/packages/turtlebot4_controller)
[12.551s] DEBUG:colcon.colcon_parallel_executor.executor.parallel:closing loop
[12.551s] DEBUG:colcon.colcon_parallel_executor.executor.parallel:loop closed
[12.551s] DEBUG:colcon.colcon_parallel_executor.executor.parallel:run_until_complete finished with '0'
[12.551s] DEBUG:colcon.colcon_core.event_reactor:joining thread
[12.741s] INFO:colcon.colcon_core.plugin_system:Skipping extension 'colcon_notification.desktop_notification.terminal_notifier': Not used on non-Darwin systems
[12.741s] INFO:colcon.colcon_core.plugin_system:Skipping extension 'colcon_notification.desktop_notification.win32': Not used on non-Windows systems
[12.742s] INFO:colcon.colcon_notification.desktop_notification:Sending desktop notification using 'notify2'
[12.760s] DEBUG:colcon.colcon_core.event_reactor:joined thread
[12.948s] INFO:colcon.colcon_core.shell:Creating prefix script '/home/ubuntu20/ros2_ws/install/local_setup.ps1'
[12.949s] INFO:colcon.colcon_core.shell:Creating prefix util module '/home/ubuntu20/ros2_ws/install/_local_setup_util_ps1.py'
[12.951s] INFO:colcon.colcon_core.shell:Creating prefix chain script '/home/ubuntu20/ros2_ws/install/setup.ps1'
[13.128s] INFO:colcon.colcon_core.shell:Creating prefix script '/home/ubuntu20/ros2_ws/install/local_setup.sh'
[13.129s] INFO:colcon.colcon_core.shell:Creating prefix util module '/home/ubuntu20/ros2_ws/install/_local_setup_util_sh.py'
[13.129s] INFO:colcon.colcon_core.shell:Creating prefix chain script '/home/ubuntu20/ros2_ws/install/setup.sh'
[13.312s] INFO:colcon.colcon_core.shell:Creating prefix script '/home/ubuntu20/ros2_ws/install/local_setup.bash'
[13.313s] INFO:colcon.colcon_core.shell:Creating prefix chain script '/home/ubuntu20/ros2_ws/install/setup.bash'
[13.496s] INFO:colcon.colcon_core.shell:Creating prefix script '/home/ubuntu20/ros2_ws/install/local_setup.zsh'
[13.497s] INFO:colcon.colcon_core.shell:Creating prefix chain script '/home/ubuntu20/ros2_ws/install/setup.zsh'
