[9.477s] DEBUG:colcon:Command line arguments: ['/usr/bin/colcon', 'build']
[9.477s] DEBUG:colcon:Parsed command line arguments: Namespace(allow_overriding=[], ament_cmake_args=None, base_paths=['.'], build_base='build', catkin_cmake_args=None, catkin_skip_building_tests=False, cmake_args=None, cmake_clean_cache=False, cmake_clean_first=False, cmake_force_configure=False, cmake_target=None, cmake_target_skip_unavailable=False, continue_on_error=False, event_handlers=None, executor='parallel', ignore_user_meta=False, install_base='install', log_base=None, log_level=None, main=<bound method BuildVerb.main of <colcon_core.verb.build.BuildVerb object at 0x7f51d2cccf10>>, merge_install=False, metas=['./colcon.meta'], packages_above=None, packages_above_and_dependencies=None, packages_above_depth=None, packages_end=None, packages_ignore=None, packages_ignore_regex=None, packages_select=None, packages_select_build_failed=False, packages_select_by_dep=None, packages_select_regex=None, packages_select_test_failures=False, packages_skip=None, packages_skip_build_finished=False, packages_skip_by_dep=None, packages_skip_regex=None, packages_skip_test_passed=False, packages_skip_up_to=None, packages_start=None, packages_up_to=None, packages_up_to_regex=None, parallel_workers=8, paths=None, symlink_install=False, test_result_base=None, verb_extension=<colcon_core.verb.build.BuildVerb object at 0x7f51d2cccf10>, verb_name='build', verb_parser=<colcon_defaults.argument_parser.defaults.DefaultArgumentsDecorator object at 0x7f51d2961550>)
[9.864s] Level 1:colcon.colcon_core.package_discovery:discover_packages(colcon_meta) check parameters
[9.864s] Level 1:colcon.colcon_core.package_discovery:discover_packages(recursive) check parameters
[9.864s] Level 1:colcon.colcon_core.package_discovery:discover_packages(ignore) check parameters
[9.864s] Level 1:colcon.colcon_core.package_discovery:discover_packages(path) check parameters
[9.864s] Level 1:colcon.colcon_core.package_discovery:discover_packages(colcon_meta) discover
[9.864s] Level 1:colcon.colcon_core.package_discovery:discover_packages(recursive) discover
[9.864s] INFO:colcon.colcon_core.package_discovery:Crawling recursively for packages in '/home/ubuntu20/ros2_ws'
[9.864s] Level 1:colcon.colcon_core.package_identification:_identify(.) by extensions ['ignore', 'ignore_ament_install']
[9.865s] Level 1:colcon.colcon_core.package_identification:_identify(.) by extension 'ignore'
[9.865s] Level 1:colcon.colcon_core.package_identification:_identify(.) by extension 'ignore_ament_install'
[9.865s] Level 1:colcon.colcon_core.package_identification:_identify(.) by extensions ['colcon_pkg']
[9.865s] Level 1:colcon.colcon_core.package_identification:_identify(.) by extension 'colcon_pkg'
[9.865s] Level 1:colcon.colcon_core.package_identification:_identify(.) by extensions ['colcon_meta']
[9.865s] Level 1:colcon.colcon_core.package_identification:_identify(.) by extension 'colcon_meta'
[9.865s] Level 1:colcon.colcon_core.package_identification:_identify(.) by extensions ['ros']
[9.866s] Level 1:colcon.colcon_core.package_identification:_identify(.) by extension 'ros'
[9.885s] Level 1:colcon.colcon_core.package_identification:_identify(.) by extensions ['cmake', 'python']
[9.885s] Level 1:colcon.colcon_core.package_identification:_identify(.) by extension 'cmake'
[9.885s] Level 1:colcon.colcon_core.package_identification:_identify(.) by extension 'python'
[9.885s] Level 1:colcon.colcon_core.package_identification:_identify(.) by extensions ['python_setup_py']
[9.885s] Level 1:colcon.colcon_core.package_identification:_identify(.) by extension 'python_setup_py'
[9.886s] Level 1:colcon.colcon_core.package_identification:_identify(build) by extensions ['ignore', 'ignore_ament_install']
[9.886s] Level 1:colcon.colcon_core.package_identification:_identify(build) by extension 'ignore'
[9.886s] Level 1:colcon.colcon_core.package_identification:_identify(build) ignored
[9.886s] Level 1:colcon.colcon_core.package_identification:_identify(install) by extensions ['ignore', 'ignore_ament_install']
[9.886s] Level 1:colcon.colcon_core.package_identification:_identify(install) by extension 'ignore'
[9.886s] Level 1:colcon.colcon_core.package_identification:_identify(install) ignored
[9.886s] Level 1:colcon.colcon_core.package_identification:_identify(log) by extensions ['ignore', 'ignore_ament_install']
[9.887s] Level 1:colcon.colcon_core.package_identification:_identify(log) by extension 'ignore'
[9.887s] Level 1:colcon.colcon_core.package_identification:_identify(log) ignored
[9.887s] Level 1:colcon.colcon_core.package_identification:_identify(src) by extensions ['ignore', 'ignore_ament_install']
[9.887s] Level 1:colcon.colcon_core.package_identification:_identify(src) by extension 'ignore'
[9.887s] Level 1:colcon.colcon_core.package_identification:_identify(src) by extension 'ignore_ament_install'
[9.887s] Level 1:colcon.colcon_core.package_identification:_identify(src) by extensions ['colcon_pkg']
[9.887s] Level 1:colcon.colcon_core.package_identification:_identify(src) by extension 'colcon_pkg'
[9.887s] Level 1:colcon.colcon_core.package_identification:_identify(src) by extensions ['colcon_meta']
[9.887s] Level 1:colcon.colcon_core.package_identification:_identify(src) by extension 'colcon_meta'
[9.887s] Level 1:colcon.colcon_core.package_identification:_identify(src) by extensions ['ros']
[9.887s] Level 1:colcon.colcon_core.package_identification:_identify(src) by extension 'ros'
[9.887s] Level 1:colcon.colcon_core.package_identification:_identify(src) by extensions ['cmake', 'python']
[9.888s] Level 1:colcon.colcon_core.package_identification:_identify(src) by extension 'cmake'
[9.888s] Level 1:colcon.colcon_core.package_identification:_identify(src) by extension 'python'
[9.888s] Level 1:colcon.colcon_core.package_identification:_identify(src) by extensions ['python_setup_py']
[9.888s] Level 1:colcon.colcon_core.package_identification:_identify(src) by extension 'python_setup_py'
[9.888s] Level 1:colcon.colcon_core.package_identification:_identify(src/turtlebot4_controller) by extensions ['ignore', 'ignore_ament_install']
[9.888s] Level 1:colcon.colcon_core.package_identification:_identify(src/turtlebot4_controller) by extension 'ignore'
[9.888s] Level 1:colcon.colcon_core.package_identification:_identify(src/turtlebot4_controller) by extension 'ignore_ament_install'
[9.888s] Level 1:colcon.colcon_core.package_identification:_identify(src/turtlebot4_controller) by extensions ['colcon_pkg']
[9.888s] Level 1:colcon.colcon_core.package_identification:_identify(src/turtlebot4_controller) by extension 'colcon_pkg'
[9.888s] Level 1:colcon.colcon_core.package_identification:_identify(src/turtlebot4_controller) by extensions ['colcon_meta']
[9.888s] Level 1:colcon.colcon_core.package_identification:_identify(src/turtlebot4_controller) by extension 'colcon_meta'
[9.888s] Level 1:colcon.colcon_core.package_identification:_identify(src/turtlebot4_controller) by extensions ['ros']
[9.888s] Level 1:colcon.colcon_core.package_identification:_identify(src/turtlebot4_controller) by extension 'ros'
[9.893s] DEBUG:colcon.colcon_core.package_identification:Package 'src/turtlebot4_controller' with type 'ros.ament_python' and name 'turtlebot4_controller'
[9.893s] Level 1:colcon.colcon_core.package_discovery:discover_packages(recursive) using defaults
[9.893s] Level 1:colcon.colcon_core.package_discovery:discover_packages(ignore) discover
[9.893s] Level 1:colcon.colcon_core.package_discovery:discover_packages(ignore) using defaults
[9.893s] Level 1:colcon.colcon_core.package_discovery:discover_packages(path) discover
[9.893s] Level 1:colcon.colcon_core.package_discovery:discover_packages(path) using defaults
[10.792s] Level 1:colcon.colcon_core.package_discovery:discover_packages(prefix_path) check parameters
[10.792s] Level 1:colcon.colcon_core.package_discovery:discover_packages(prefix_path) discover
[11.133s] DEBUG:colcon.colcon_installed_package_information.package_discovery:Found 0 installed packages in /home/ubuntu20/ros2_ws/install
[11.302s] DEBUG:colcon.colcon_installed_package_information.package_discovery:Found 350 installed packages in /opt/ros/galactic
[11.305s] Level 1:colcon.colcon_core.package_discovery:discover_packages(prefix_path) using defaults
[11.795s] Level 5:colcon.colcon_core.verb:set package 'turtlebot4_controller' build argument 'cmake_args' from command line to 'None'
[11.795s] Level 5:colcon.colcon_core.verb:set package 'turtlebot4_controller' build argument 'cmake_target' from command line to 'None'
[11.795s] Level 5:colcon.colcon_core.verb:set package 'turtlebot4_controller' build argument 'cmake_target_skip_unavailable' from command line to 'False'
[11.795s] Level 5:colcon.colcon_core.verb:set package 'turtlebot4_controller' build argument 'cmake_clean_cache' from command line to 'False'
[11.795s] Level 5:colcon.colcon_core.verb:set package 'turtlebot4_controller' build argument 'cmake_clean_first' from command line to 'False'
[11.795s] Level 5:colcon.colcon_core.verb:set package 'turtlebot4_controller' build argument 'cmake_force_configure' from command line to 'False'
[11.795s] Level 5:colcon.colcon_core.verb:set package 'turtlebot4_controller' build argument 'ament_cmake_args' from command line to 'None'
[11.795s] Level 5:colcon.colcon_core.verb:set package 'turtlebot4_controller' build argument 'catkin_cmake_args' from command line to 'None'
[11.795s] Level 5:colcon.colcon_core.verb:set package 'turtlebot4_controller' build argument 'catkin_skip_building_tests' from command line to 'False'
[11.795s] DEBUG:colcon.colcon_core.verb:Building package 'turtlebot4_controller' with the following arguments: {'ament_cmake_args': None, 'build_base': '/home/ubuntu20/ros2_ws/build/turtlebot4_controller', 'catkin_cmake_args': None, 'catkin_skip_building_tests': False, 'cmake_args': None, 'cmake_clean_cache': False, 'cmake_clean_first': False, 'cmake_force_configure': False, 'cmake_target': None, 'cmake_target_skip_unavailable': False, 'install_base': '/home/ubuntu20/ros2_ws/install/turtlebot4_controller', 'merge_install': False, 'path': '/home/ubuntu20/ros2_ws/src/turtlebot4_controller', 'symlink_install': False, 'test_result_base': None}
[11.979s] INFO:colcon.colcon_core.executor:Executing jobs using 'parallel' executor
[12.153s] DEBUG:colcon.colcon_parallel_executor.executor.parallel:run_until_complete
[12.153s] INFO:colcon.colcon_ros.task.ament_python.build:Building ROS package in '/home/ubuntu20/ros2_ws/src/turtlebot4_controller' with build type 'ament_python'
[12.153s] Level 1:colcon.colcon_core.shell:create_environment_hook('turtlebot4_controller', 'ament_prefix_path')
[12.331s] INFO:colcon.colcon_core.plugin_system:Skipping extension 'colcon_core.shell.bat': Not used on non-Windows systems
[12.331s] INFO:colcon.colcon_core.shell:Creating environment hook '/home/ubuntu20/ros2_ws/install/turtlebot4_controller/share/turtlebot4_controller/hook/ament_prefix_path.ps1'
[12.365s] INFO:colcon.colcon_core.shell:Creating environment descriptor '/home/ubuntu20/ros2_ws/install/turtlebot4_controller/share/turtlebot4_controller/hook/ament_prefix_path.dsv'
[12.375s] INFO:colcon.colcon_core.shell:Creating environment hook '/home/ubuntu20/ros2_ws/install/turtlebot4_controller/share/turtlebot4_controller/hook/ament_prefix_path.sh'
[12.556s] INFO:colcon.colcon_core.shell:Skip shell extension 'powershell' for command environment: Not usable outside of PowerShell
[12.556s] DEBUG:colcon.colcon_core.shell:Skip shell extension 'dsv' for command environment
[13.373s] INFO:colcon.colcon_core.task.python.build:Building Python package in '/home/ubuntu20/ros2_ws/src/turtlebot4_controller'
[13.528s] INFO:colcon.colcon_core.shell:Skip shell extension 'powershell' for command environment: Not usable outside of PowerShell
[13.528s] DEBUG:colcon.colcon_core.shell:Skip shell extension 'dsv' for command environment
[15.407s] DEBUG:colcon.colcon_core.event_handler.log_command:Invoking command in '/home/ubuntu20/ros2_ws/src/turtlebot4_controller': PYTHONPATH=/home/ubuntu20/ros2_ws/build/turtlebot4_controller/prefix_override:/home/ubuntu20/ros2_ws/install/turtlebot4_controller/lib/python3.8/site-packages:${PYTHONPATH} /usr/bin/python3 setup.py egg_info --egg-base ../../build/turtlebot4_controller build --build-base /home/ubuntu20/ros2_ws/build/turtlebot4_controller/build install --record /home/ubuntu20/ros2_ws/build/turtlebot4_controller/install.log --single-version-externally-managed
[15.922s] DEBUG:colcon.colcon_core.event_handler.log_command:Invoked command in '/home/ubuntu20/ros2_ws/src/turtlebot4_controller' returned '0': PYTHONPATH=/home/ubuntu20/ros2_ws/build/turtlebot4_controller/prefix_override:/home/ubuntu20/ros2_ws/install/turtlebot4_controller/lib/python3.8/site-packages:${PYTHONPATH} /usr/bin/python3 setup.py egg_info --egg-base ../../build/turtlebot4_controller build --build-base /home/ubuntu20/ros2_ws/build/turtlebot4_controller/build install --record /home/ubuntu20/ros2_ws/build/turtlebot4_controller/install.log --single-version-externally-managed
[16.114s] Level 1:colcon.colcon_core.environment:checking '/home/ubuntu20/ros2_ws/install/turtlebot4_controller' for CMake module files
[16.114s] Level 1:colcon.colcon_core.environment:checking '/home/ubuntu20/ros2_ws/install/turtlebot4_controller' for CMake config files
[16.116s] Level 1:colcon.colcon_core.environment:checking '/home/ubuntu20/ros2_ws/install/turtlebot4_controller/lib'
[16.117s] Level 1:colcon.colcon_core.environment:checking '/home/ubuntu20/ros2_ws/install/turtlebot4_controller/bin'
[16.117s] Level 1:colcon.colcon_core.environment:checking '/home/ubuntu20/ros2_ws/install/turtlebot4_controller/lib/pkgconfig/turtlebot4_controller.pc'
[16.117s] Level 1:colcon.colcon_core.environment:checking '/home/ubuntu20/ros2_ws/install/turtlebot4_controller/lib/python3.8/site-packages'
[16.117s] Level 1:colcon.colcon_core.shell:create_environment_hook('turtlebot4_controller', 'pythonpath')
[16.294s] INFO:colcon.colcon_core.shell:Creating environment hook '/home/ubuntu20/ros2_ws/install/turtlebot4_controller/share/turtlebot4_controller/hook/pythonpath.ps1'
[16.295s] INFO:colcon.colcon_core.shell:Creating environment descriptor '/home/ubuntu20/ros2_ws/install/turtlebot4_controller/share/turtlebot4_controller/hook/pythonpath.dsv'
[16.295s] INFO:colcon.colcon_core.shell:Creating environment hook '/home/ubuntu20/ros2_ws/install/turtlebot4_controller/share/turtlebot4_controller/hook/pythonpath.sh'
[16.296s] Level 1:colcon.colcon_core.environment:checking '/home/ubuntu20/ros2_ws/install/turtlebot4_controller/bin'
[16.296s] Level 1:colcon.colcon_core.environment:create_environment_scripts_only(turtlebot4_controller)
[16.474s] INFO:colcon.colcon_core.shell:Creating package script '/home/ubuntu20/ros2_ws/install/turtlebot4_controller/share/turtlebot4_controller/package.ps1'
[16.475s] INFO:colcon.colcon_core.shell:Creating package descriptor '/home/ubuntu20/ros2_ws/install/turtlebot4_controller/share/turtlebot4_controller/package.dsv'
[16.476s] INFO:colcon.colcon_core.shell:Creating package script '/home/ubuntu20/ros2_ws/install/turtlebot4_controller/share/turtlebot4_controller/package.sh'
[16.478s] INFO:colcon.colcon_core.shell:Creating package script '/home/ubuntu20/ros2_ws/install/turtlebot4_controller/share/turtlebot4_controller/package.bash'
[16.513s] INFO:colcon.colcon_core.shell:Creating package script '/home/ubuntu20/ros2_ws/install/turtlebot4_controller/share/turtlebot4_controller/package.zsh'
[16.524s] Level 1:colcon.colcon_core.environment:create_file_with_runtime_dependencies(/home/ubuntu20/ros2_ws/install/turtlebot4_controller/share/colcon-core/packages/turtlebot4_controller)
[16.524s] DEBUG:colcon.colcon_parallel_executor.executor.parallel:closing loop
[16.525s] DEBUG:colcon.colcon_parallel_executor.executor.parallel:loop closed
[16.525s] DEBUG:colcon.colcon_parallel_executor.executor.parallel:run_until_complete finished with '0'
[16.525s] DEBUG:colcon.colcon_core.event_reactor:joining thread
[16.721s] INFO:colcon.colcon_core.plugin_system:Skipping extension 'colcon_notification.desktop_notification.terminal_notifier': Not used on non-Darwin systems
[16.721s] INFO:colcon.colcon_core.plugin_system:Skipping extension 'colcon_notification.desktop_notification.win32': Not used on non-Windows systems
[16.721s] INFO:colcon.colcon_notification.desktop_notification:Sending desktop notification using 'notify2'
[16.747s] DEBUG:colcon.colcon_core.event_reactor:joined thread
[16.930s] INFO:colcon.colcon_core.shell:Creating prefix script '/home/ubuntu20/ros2_ws/install/local_setup.ps1'
[16.931s] INFO:colcon.colcon_core.shell:Creating prefix util module '/home/ubuntu20/ros2_ws/install/_local_setup_util_ps1.py'
[16.933s] INFO:colcon.colcon_core.shell:Creating prefix chain script '/home/ubuntu20/ros2_ws/install/setup.ps1'
[17.108s] INFO:colcon.colcon_core.shell:Creating prefix script '/home/ubuntu20/ros2_ws/install/local_setup.sh'
[17.109s] INFO:colcon.colcon_core.shell:Creating prefix util module '/home/ubuntu20/ros2_ws/install/_local_setup_util_sh.py'
[17.109s] INFO:colcon.colcon_core.shell:Creating prefix chain script '/home/ubuntu20/ros2_ws/install/setup.sh'
[17.287s] INFO:colcon.colcon_core.shell:Creating prefix script '/home/ubuntu20/ros2_ws/install/local_setup.bash'
[17.288s] INFO:colcon.colcon_core.shell:Creating prefix chain script '/home/ubuntu20/ros2_ws/install/setup.bash'
[17.458s] INFO:colcon.colcon_core.shell:Creating prefix script '/home/ubuntu20/ros2_ws/install/local_setup.zsh'
[17.459s] INFO:colcon.colcon_core.shell:Creating prefix chain script '/home/ubuntu20/ros2_ws/install/setup.zsh'
