running egg_info
writing ../../build/turtlebot4_controller/turtlebot4_controller.egg-info/PKG-INFO
writing dependency_links to ../../build/turtlebot4_controller/turtlebot4_controller.egg-info/dependency_links.txt
writing entry points to ../../build/turtlebot4_controller/turtlebot4_controller.egg-info/entry_points.txt
writing requirements to ../../build/turtlebot4_controller/turtlebot4_controller.egg-info/requires.txt
writing top-level names to ../../build/turtlebot4_controller/turtlebot4_controller.egg-info/top_level.txt
reading manifest file '../../build/turtlebot4_controller/turtlebot4_controller.egg-info/SOURCES.txt'
writing manifest file '../../build/turtlebot4_controller/turtlebot4_controller.egg-info/SOURCES.txt'
running build
running build_py
copying turtlebot4_controller/first_node.py -> /home/ubuntu20/ros2_ws/build/turtlebot4_controller/build/lib/turtlebot4_controller
running install
running install_lib
copying /home/ubuntu20/ros2_ws/build/turtlebot4_controller/build/lib/turtlebot4_controller/first_node.py -> /home/ubuntu20/ros2_ws/install/turtlebot4_controller/lib/python3.8/site-packages/turtlebot4_controller
byte-compiling /home/ubuntu20/ros2_ws/install/turtlebot4_controller/lib/python3.8/site-packages/turtlebot4_controller/first_node.py to first_node.cpython-38.pyc
running install_data
running install_egg_info
removing '/home/ubuntu20/ros2_ws/install/turtlebot4_controller/lib/python3.8/site-packages/turtlebot4_controller-0.0.0-py3.8.egg-info' (and everything under it)
Copying ../../build/turtlebot4_controller/turtlebot4_controller.egg-info to /home/ubuntu20/ros2_ws/install/turtlebot4_controller/lib/python3.8/site-packages/turtlebot4_controller-0.0.0-py3.8.egg-info
running install_scripts
Installing test_node script to /home/ubuntu20/ros2_ws/install/turtlebot4_controller/lib/turtlebot4_controller
writing list of installed files to '/home/ubuntu20/ros2_ws/build/turtlebot4_controller/install.log'
