[2.521s] Invoking command in '/home/ubuntu20/ros2_ws/src/turtlebot4_controller': PYTHONPATH=/home/ubuntu20/ros2_ws/build/turtlebot4_controller/prefix_override:/home/ubuntu20/ros2_ws/install/turtlebot4_controller/lib/python3.8/site-packages:${PYTHONPATH} /usr/bin/python3 setup.py egg_info --egg-base ../../build/turtlebot4_controller build --build-base /home/ubuntu20/ros2_ws/build/turtlebot4_controller/build install --record /home/ubuntu20/ros2_ws/build/turtlebot4_controller/install.log --single-version-externally-managed
[2.738s] running egg_info
[2.739s] writing ../../build/turtlebot4_controller/turtlebot4_controller.egg-info/PKG-INFO
[2.739s] writing dependency_links to ../../build/turtlebot4_controller/turtlebot4_controller.egg-info/dependency_links.txt
[2.739s] writing entry points to ../../build/turtlebot4_controller/turtlebot4_controller.egg-info/entry_points.txt
[2.739s] writing requirements to ../../build/turtlebot4_controller/turtlebot4_controller.egg-info/requires.txt
[2.739s] writing top-level names to ../../build/turtlebot4_controller/turtlebot4_controller.egg-info/top_level.txt
[2.774s] reading manifest file '../../build/turtlebot4_controller/turtlebot4_controller.egg-info/SOURCES.txt'
[2.775s] writing manifest file '../../build/turtlebot4_controller/turtlebot4_controller.egg-info/SOURCES.txt'
[2.775s] running build
[2.775s] running build_py
[2.775s] copying turtlebot4_controller/first_node.py -> /home/ubuntu20/ros2_ws/build/turtlebot4_controller/build/lib/turtlebot4_controller
[2.775s] running install
[2.776s] running install_lib
[2.776s] copying /home/ubuntu20/ros2_ws/build/turtlebot4_controller/build/lib/turtlebot4_controller/first_node.py -> /home/ubuntu20/ros2_ws/install/turtlebot4_controller/lib/python3.8/site-packages/turtlebot4_controller
[2.777s] byte-compiling /home/ubuntu20/ros2_ws/install/turtlebot4_controller/lib/python3.8/site-packages/turtlebot4_controller/first_node.py to first_node.cpython-38.pyc
[2.778s] running install_data
[2.778s] running install_egg_info
[2.780s] removing '/home/ubuntu20/ros2_ws/install/turtlebot4_controller/lib/python3.8/site-packages/turtlebot4_controller-0.0.0-py3.8.egg-info' (and everything under it)
[2.780s] Copying ../../build/turtlebot4_controller/turtlebot4_controller.egg-info to /home/ubuntu20/ros2_ws/install/turtlebot4_controller/lib/python3.8/site-packages/turtlebot4_controller-0.0.0-py3.8.egg-info
[2.781s] running install_scripts
[2.797s] Installing test_node script to /home/ubuntu20/ros2_ws/install/turtlebot4_controller/lib/turtlebot4_controller
[2.797s] writing list of installed files to '/home/ubuntu20/ros2_ws/build/turtlebot4_controller/install.log'
[2.817s] Invoked command in '/home/ubuntu20/ros2_ws/src/turtlebot4_controller' returned '0': PYTHONPATH=/home/ubuntu20/ros2_ws/build/turtlebot4_controller/prefix_override:/home/ubuntu20/ros2_ws/install/turtlebot4_controller/lib/python3.8/site-packages:${PYTHONPATH} /usr/bin/python3 setup.py egg_info --egg-base ../../build/turtlebot4_controller build --build-base /home/ubuntu20/ros2_ws/build/turtlebot4_controller/build install --record /home/ubuntu20/ros2_ws/build/turtlebot4_controller/install.log --single-version-externally-managed
