running egg_info
creating ../../build/turtlebot4_controller/turtlebot4_controller.egg-info
writing ../../build/turtlebot4_controller/turtlebot4_controller.egg-info/PKG-INFO
writing dependency_links to ../../build/turtlebot4_controller/turtlebot4_controller.egg-info/dependency_links.txt
writing entry points to ../../build/turtlebot4_controller/turtlebot4_controller.egg-info/entry_points.txt
writing requirements to ../../build/turtlebot4_controller/turtlebot4_controller.egg-info/requires.txt
writing top-level names to ../../build/turtlebot4_controller/turtlebot4_controller.egg-info/top_level.txt
writing manifest file '../../build/turtlebot4_controller/turtlebot4_controller.egg-info/SOURCES.txt'
reading manifest file '../../build/turtlebot4_controller/turtlebot4_controller.egg-info/SOURCES.txt'
writing manifest file '../../build/turtlebot4_controller/turtlebot4_controller.egg-info/SOURCES.txt'
running build
running build_py
creating /home/ubuntu20/ros2_ws/build/turtlebot4_controller/build
creating /home/ubuntu20/ros2_ws/build/turtlebot4_controller/build/lib
creating /home/ubuntu20/ros2_ws/build/turtlebot4_controller/build/lib/turtlebot4_controller
copying turtlebot4_controller/__init__.py -> /home/ubuntu20/ros2_ws/build/turtlebot4_controller/build/lib/turtlebot4_controller
running install
running install_lib
creating /home/ubuntu20/ros2_ws/install/turtlebot4_controller/lib/python3.8/site-packages/turtlebot4_controller
copying /home/ubuntu20/ros2_ws/build/turtlebot4_controller/build/lib/turtlebot4_controller/__init__.py -> /home/ubuntu20/ros2_ws/install/turtlebot4_controller/lib/python3.8/site-packages/turtlebot4_controller
byte-compiling /home/ubuntu20/ros2_ws/install/turtlebot4_controller/lib/python3.8/site-packages/turtlebot4_controller/__init__.py to __init__.cpython-38.pyc
running install_data
creating /home/ubuntu20/ros2_ws/install/turtlebot4_controller/share/ament_index
creating /home/ubuntu20/ros2_ws/install/turtlebot4_controller/share/ament_index/resource_index
creating /home/ubuntu20/ros2_ws/install/turtlebot4_controller/share/ament_index/resource_index/packages
copying resource/turtlebot4_controller -> /home/ubuntu20/ros2_ws/install/turtlebot4_controller/share/ament_index/resource_index/packages
copying package.xml -> /home/ubuntu20/ros2_ws/install/turtlebot4_controller/share/turtlebot4_controller
running install_egg_info
Copying ../../build/turtlebot4_controller/turtlebot4_controller.egg-info to /home/ubuntu20/ros2_ws/install/turtlebot4_controller/lib/python3.8/site-packages/turtlebot4_controller-0.0.0-py3.8.egg-info
running install_scripts
writing list of installed files to '/home/ubuntu20/ros2_ws/build/turtlebot4_controller/install.log'
