[11.008s] DEBUG:colcon:Command line arguments: ['/usr/bin/colcon', 'build']
[11.008s] DEBUG:colcon:Parsed command line arguments: Namespace(allow_overriding=[], ament_cmake_args=None, base_paths=['.'], build_base='build', catkin_cmake_args=None, catkin_skip_building_tests=False, cmake_args=None, cmake_clean_cache=False, cmake_clean_first=False, cmake_force_configure=False, cmake_target=None, cmake_target_skip_unavailable=False, continue_on_error=False, event_handlers=None, executor='parallel', ignore_user_meta=False, install_base='install', log_base=None, log_level=None, main=<bound method BuildVerb.main of <colcon_core.verb.build.BuildVerb object at 0x7fdb79f27f70>>, merge_install=False, metas=['./colcon.meta'], packages_above=None, packages_above_and_dependencies=None, packages_above_depth=None, packages_end=None, packages_ignore=None, packages_ignore_regex=None, packages_select=None, packages_select_build_failed=False, packages_select_by_dep=None, packages_select_regex=None, packages_select_test_failures=False, packages_skip=None, packages_skip_build_finished=False, packages_skip_by_dep=None, packages_skip_regex=None, packages_skip_test_passed=False, packages_skip_up_to=None, packages_start=None, packages_up_to=None, packages_up_to_regex=None, parallel_workers=8, paths=None, symlink_install=False, test_result_base=None, verb_extension=<colcon_core.verb.build.BuildVerb object at 0x7fdb79f27f70>, verb_name='build', verb_parser=<colcon_defaults.argument_parser.defaults.DefaultArgumentsDecorator object at 0x7fdb79c16c70>)
[11.569s] Level 1:colcon.colcon_core.package_discovery:discover_packages(colcon_meta) check parameters
[11.569s] Level 1:colcon.colcon_core.package_discovery:discover_packages(recursive) check parameters
[11.569s] Level 1:colcon.colcon_core.package_discovery:discover_packages(ignore) check parameters
[11.569s] Level 1:colcon.colcon_core.package_discovery:discover_packages(path) check parameters
[11.569s] Level 1:colcon.colcon_core.package_discovery:discover_packages(colcon_meta) discover
[11.569s] Level 1:colcon.colcon_core.package_discovery:discover_packages(recursive) discover
[11.569s] INFO:colcon.colcon_core.package_discovery:Crawling recursively for packages in '/home/ubuntu20/ros2_ws'
[11.570s] Level 1:colcon.colcon_core.package_identification:_identify(.) by extensions ['ignore', 'ignore_ament_install']
[11.570s] Level 1:colcon.colcon_core.package_identification:_identify(.) by extension 'ignore'
[11.570s] Level 1:colcon.colcon_core.package_identification:_identify(.) by extension 'ignore_ament_install'
[11.570s] Level 1:colcon.colcon_core.package_identification:_identify(.) by extensions ['colcon_pkg']
[11.570s] Level 1:colcon.colcon_core.package_identification:_identify(.) by extension 'colcon_pkg'
[11.570s] Level 1:colcon.colcon_core.package_identification:_identify(.) by extensions ['colcon_meta']
[11.570s] Level 1:colcon.colcon_core.package_identification:_identify(.) by extension 'colcon_meta'
[11.570s] Level 1:colcon.colcon_core.package_identification:_identify(.) by extensions ['ros']
[11.570s] Level 1:colcon.colcon_core.package_identification:_identify(.) by extension 'ros'
[11.581s] Level 1:colcon.colcon_core.package_identification:_identify(.) by extensions ['cmake', 'python']
[11.581s] Level 1:colcon.colcon_core.package_identification:_identify(.) by extension 'cmake'
[11.581s] Level 1:colcon.colcon_core.package_identification:_identify(.) by extension 'python'
[11.581s] Level 1:colcon.colcon_core.package_identification:_identify(.) by extensions ['python_setup_py']
[11.581s] Level 1:colcon.colcon_core.package_identification:_identify(.) by extension 'python_setup_py'
[11.581s] Level 1:colcon.colcon_core.package_identification:_identify(build) by extensions ['ignore', 'ignore_ament_install']
[11.581s] Level 1:colcon.colcon_core.package_identification:_identify(build) by extension 'ignore'
[11.581s] Level 1:colcon.colcon_core.package_identification:_identify(build) ignored
[11.581s] Level 1:colcon.colcon_core.package_identification:_identify(install) by extensions ['ignore', 'ignore_ament_install']
[11.581s] Level 1:colcon.colcon_core.package_identification:_identify(install) by extension 'ignore'
[11.581s] Level 1:colcon.colcon_core.package_identification:_identify(install) ignored
[11.582s] Level 1:colcon.colcon_core.package_identification:_identify(log) by extensions ['ignore', 'ignore_ament_install']
[11.582s] Level 1:colcon.colcon_core.package_identification:_identify(log) by extension 'ignore'
[11.582s] Level 1:colcon.colcon_core.package_identification:_identify(log) ignored
[11.582s] Level 1:colcon.colcon_core.package_identification:_identify(src) by extensions ['ignore', 'ignore_ament_install']
[11.582s] Level 1:colcon.colcon_core.package_identification:_identify(src) by extension 'ignore'
[11.582s] Level 1:colcon.colcon_core.package_identification:_identify(src) by extension 'ignore_ament_install'
[11.582s] Level 1:colcon.colcon_core.package_identification:_identify(src) by extensions ['colcon_pkg']
[11.582s] Level 1:colcon.colcon_core.package_identification:_identify(src) by extension 'colcon_pkg'
[11.582s] Level 1:colcon.colcon_core.package_identification:_identify(src) by extensions ['colcon_meta']
[11.582s] Level 1:colcon.colcon_core.package_identification:_identify(src) by extension 'colcon_meta'
[11.582s] Level 1:colcon.colcon_core.package_identification:_identify(src) by extensions ['ros']
[11.582s] Level 1:colcon.colcon_core.package_identification:_identify(src) by extension 'ros'
[11.582s] Level 1:colcon.colcon_core.package_identification:_identify(src) by extensions ['cmake', 'python']
[11.582s] Level 1:colcon.colcon_core.package_identification:_identify(src) by extension 'cmake'
[11.582s] Level 1:colcon.colcon_core.package_identification:_identify(src) by extension 'python'
[11.582s] Level 1:colcon.colcon_core.package_identification:_identify(src) by extensions ['python_setup_py']
[11.583s] Level 1:colcon.colcon_core.package_identification:_identify(src) by extension 'python_setup_py'
[11.583s] Level 1:colcon.colcon_core.package_discovery:discover_packages(recursive) using defaults
[11.583s] Level 1:colcon.colcon_core.package_discovery:discover_packages(ignore) discover
[11.583s] Level 1:colcon.colcon_core.package_discovery:discover_packages(ignore) using defaults
[11.583s] Level 1:colcon.colcon_core.package_discovery:discover_packages(path) discover
[11.583s] Level 1:colcon.colcon_core.package_discovery:discover_packages(path) using defaults
[12.655s] Level 1:colcon.colcon_core.package_discovery:discover_packages(prefix_path) check parameters
[12.655s] Level 1:colcon.colcon_core.package_discovery:discover_packages(prefix_path) discover
[13.027s] DEBUG:colcon.colcon_installed_package_information.package_discovery:Found 350 installed packages in /opt/ros/galactic
[13.031s] Level 1:colcon.colcon_core.package_discovery:discover_packages(prefix_path) using defaults
[14.297s] INFO:colcon.colcon_core.executor:Executing jobs using 'parallel' executor
[14.479s] DEBUG:colcon.colcon_parallel_executor.executor.parallel:run_until_complete
[14.479s] DEBUG:colcon.colcon_parallel_executor.executor.parallel:closing loop
[14.479s] DEBUG:colcon.colcon_parallel_executor.executor.parallel:loop closed
[14.479s] DEBUG:colcon.colcon_parallel_executor.executor.parallel:run_until_complete finished with '0'
[14.480s] DEBUG:colcon.colcon_core.event_reactor:joining thread
[14.705s] INFO:colcon.colcon_core.plugin_system:Skipping extension 'colcon_notification.desktop_notification.terminal_notifier': Not used on non-Darwin systems
[14.705s] INFO:colcon.colcon_core.plugin_system:Skipping extension 'colcon_notification.desktop_notification.win32': Not used on non-Windows systems
[14.705s] INFO:colcon.colcon_notification.desktop_notification:Sending desktop notification using 'notify2'
[14.730s] DEBUG:colcon.colcon_core.event_reactor:joined thread
[14.923s] INFO:colcon.colcon_core.plugin_system:Skipping extension 'colcon_core.shell.bat': Not used on non-Windows systems
[14.923s] INFO:colcon.colcon_core.shell:Creating prefix script '/home/ubuntu20/ros2_ws/install/local_setup.ps1'
[14.970s] INFO:colcon.colcon_core.shell:Creating prefix util module '/home/ubuntu20/ros2_ws/install/_local_setup_util_ps1.py'
[14.984s] INFO:colcon.colcon_core.shell:Creating prefix chain script '/home/ubuntu20/ros2_ws/install/setup.ps1'
[15.203s] INFO:colcon.colcon_core.shell:Creating prefix script '/home/ubuntu20/ros2_ws/install/local_setup.sh'
[15.226s] INFO:colcon.colcon_core.shell:Creating prefix util module '/home/ubuntu20/ros2_ws/install/_local_setup_util_sh.py'
[15.228s] INFO:colcon.colcon_core.shell:Creating prefix chain script '/home/ubuntu20/ros2_ws/install/setup.sh'
[15.430s] INFO:colcon.colcon_core.shell:Creating prefix script '/home/ubuntu20/ros2_ws/install/local_setup.bash'
[15.467s] INFO:colcon.colcon_core.shell:Creating prefix chain script '/home/ubuntu20/ros2_ws/install/setup.bash'
[15.613s] INFO:colcon.colcon_core.shell:Creating prefix script '/home/ubuntu20/ros2_ws/install/local_setup.zsh'
[15.665s] INFO:colcon.colcon_core.shell:Creating prefix chain script '/home/ubuntu20/ros2_ws/install/setup.zsh'
