[9.763s] DEBUG:colcon:Command line arguments: ['/usr/bin/colcon', 'build', '--symlink-install']
[9.763s] DEBUG:colcon:Parsed command line arguments: Namespace(allow_overriding=[], ament_cmake_args=None, base_paths=['.'], build_base='build', catkin_cmake_args=None, catkin_skip_building_tests=False, cmake_args=None, cmake_clean_cache=False, cmake_clean_first=False, cmake_force_configure=False, cmake_target=None, cmake_target_skip_unavailable=False, continue_on_error=False, event_handlers=None, executor='parallel', ignore_user_meta=False, install_base='install', log_base=None, log_level=None, main=<bound method BuildVerb.main of <colcon_core.verb.build.BuildVerb object at 0x7f0429f552b0>>, merge_install=False, metas=['./colcon.meta'], packages_above=None, packages_above_and_dependencies=None, packages_above_depth=None, packages_end=None, packages_ignore=None, packages_ignore_regex=None, packages_select=None, packages_select_build_failed=False, packages_select_by_dep=None, packages_select_regex=None, packages_select_test_failures=False, packages_skip=None, packages_skip_build_finished=False, packages_skip_by_dep=None, packages_skip_regex=None, packages_skip_test_passed=False, packages_skip_up_to=None, packages_start=None, packages_up_to=None, packages_up_to_regex=None, parallel_workers=8, paths=None, symlink_install=True, test_result_base=None, verb_extension=<colcon_core.verb.build.BuildVerb object at 0x7f0429f552b0>, verb_name='build', verb_parser=<colcon_defaults.argument_parser.defaults.DefaultArgumentsDecorator object at 0x7f0429d95a60>)
[10.039s] Level 1:colcon.colcon_core.package_discovery:discover_packages(colcon_meta) check parameters
[10.039s] Level 1:colcon.colcon_core.package_discovery:discover_packages(recursive) check parameters
[10.039s] Level 1:colcon.colcon_core.package_discovery:discover_packages(ignore) check parameters
[10.039s] Level 1:colcon.colcon_core.package_discovery:discover_packages(path) check parameters
[10.039s] Level 1:colcon.colcon_core.package_discovery:discover_packages(colcon_meta) discover
[10.039s] Level 1:colcon.colcon_core.package_discovery:discover_packages(recursive) discover
[10.039s] INFO:colcon.colcon_core.package_discovery:Crawling recursively for packages in '/home/ubuntu20/ros2_ws/src'
[10.039s] Level 1:colcon.colcon_core.package_identification:_identify(.) by extensions ['ignore', 'ignore_ament_install']
[10.039s] Level 1:colcon.colcon_core.package_identification:_identify(.) by extension 'ignore'
[10.039s] Level 1:colcon.colcon_core.package_identification:_identify(.) by extension 'ignore_ament_install'
[10.039s] Level 1:colcon.colcon_core.package_identification:_identify(.) by extensions ['colcon_pkg']
[10.039s] Level 1:colcon.colcon_core.package_identification:_identify(.) by extension 'colcon_pkg'
[10.039s] Level 1:colcon.colcon_core.package_identification:_identify(.) by extensions ['colcon_meta']
[10.040s] Level 1:colcon.colcon_core.package_identification:_identify(.) by extension 'colcon_meta'
[10.040s] Level 1:colcon.colcon_core.package_identification:_identify(.) by extensions ['ros']
[10.040s] Level 1:colcon.colcon_core.package_identification:_identify(.) by extension 'ros'
[10.050s] Level 1:colcon.colcon_core.package_identification:_identify(.) by extensions ['cmake', 'python']
[10.050s] Level 1:colcon.colcon_core.package_identification:_identify(.) by extension 'cmake'
[10.050s] Level 1:colcon.colcon_core.package_identification:_identify(.) by extension 'python'
[10.050s] Level 1:colcon.colcon_core.package_identification:_identify(.) by extensions ['python_setup_py']
[10.050s] Level 1:colcon.colcon_core.package_identification:_identify(.) by extension 'python_setup_py'
[10.050s] Level 1:colcon.colcon_core.package_identification:_identify(build) by extensions ['ignore', 'ignore_ament_install']
[10.050s] Level 1:colcon.colcon_core.package_identification:_identify(build) by extension 'ignore'
[10.050s] Level 1:colcon.colcon_core.package_identification:_identify(build) ignored
[10.050s] Level 1:colcon.colcon_core.package_identification:_identify(install) by extensions ['ignore', 'ignore_ament_install']
[10.050s] Level 1:colcon.colcon_core.package_identification:_identify(install) by extension 'ignore'
[10.050s] Level 1:colcon.colcon_core.package_identification:_identify(install) ignored
[10.051s] Level 1:colcon.colcon_core.package_identification:_identify(log) by extensions ['ignore', 'ignore_ament_install']
[10.051s] Level 1:colcon.colcon_core.package_identification:_identify(log) by extension 'ignore'
[10.051s] Level 1:colcon.colcon_core.package_identification:_identify(log) ignored
[10.051s] Level 1:colcon.colcon_core.package_identification:_identify(turtlebot4_controller) by extensions ['ignore', 'ignore_ament_install']
[10.051s] Level 1:colcon.colcon_core.package_identification:_identify(turtlebot4_controller) by extension 'ignore'
[10.051s] Level 1:colcon.colcon_core.package_identification:_identify(turtlebot4_controller) by extension 'ignore_ament_install'
[10.051s] Level 1:colcon.colcon_core.package_identification:_identify(turtlebot4_controller) by extensions ['colcon_pkg']
[10.051s] Level 1:colcon.colcon_core.package_identification:_identify(turtlebot4_controller) by extension 'colcon_pkg'
[10.051s] Level 1:colcon.colcon_core.package_identification:_identify(turtlebot4_controller) by extensions ['colcon_meta']
[10.051s] Level 1:colcon.colcon_core.package_identification:_identify(turtlebot4_controller) by extension 'colcon_meta'
[10.051s] Level 1:colcon.colcon_core.package_identification:_identify(turtlebot4_controller) by extensions ['ros']
[10.051s] Level 1:colcon.colcon_core.package_identification:_identify(turtlebot4_controller) by extension 'ros'
[10.054s] DEBUG:colcon.colcon_core.package_identification:Package 'turtlebot4_controller' with type 'ros.ament_python' and name 'turtlebot4_controller'
[10.054s] Level 1:colcon.colcon_core.package_discovery:discover_packages(recursive) using defaults
[10.054s] Level 1:colcon.colcon_core.package_discovery:discover_packages(ignore) discover
[10.054s] Level 1:colcon.colcon_core.package_discovery:discover_packages(ignore) using defaults
[10.054s] Level 1:colcon.colcon_core.package_discovery:discover_packages(path) discover
[10.054s] Level 1:colcon.colcon_core.package_discovery:discover_packages(path) using defaults
[10.941s] Level 1:colcon.colcon_core.package_discovery:discover_packages(prefix_path) check parameters
[10.941s] Level 1:colcon.colcon_core.package_discovery:discover_packages(prefix_path) discover
[11.285s] DEBUG:colcon.colcon_installed_package_information.package_discovery:Found 1 installed packages in /home/ubuntu20/ros2_ws/install
[11.455s] DEBUG:colcon.colcon_installed_package_information.package_discovery:Found 350 installed packages in /opt/ros/galactic
[11.458s] Level 1:colcon.colcon_core.package_discovery:discover_packages(prefix_path) using defaults
[11.953s] Level 5:colcon.colcon_core.verb:set package 'turtlebot4_controller' build argument 'cmake_args' from command line to 'None'
[11.953s] Level 5:colcon.colcon_core.verb:set package 'turtlebot4_controller' build argument 'cmake_target' from command line to 'None'
[11.953s] Level 5:colcon.colcon_core.verb:set package 'turtlebot4_controller' build argument 'cmake_target_skip_unavailable' from command line to 'False'
[11.953s] Level 5:colcon.colcon_core.verb:set package 'turtlebot4_controller' build argument 'cmake_clean_cache' from command line to 'False'
[11.954s] Level 5:colcon.colcon_core.verb:set package 'turtlebot4_controller' build argument 'cmake_clean_first' from command line to 'False'
[11.954s] Level 5:colcon.colcon_core.verb:set package 'turtlebot4_controller' build argument 'cmake_force_configure' from command line to 'False'
[11.954s] Level 5:colcon.colcon_core.verb:set package 'turtlebot4_controller' build argument 'ament_cmake_args' from command line to 'None'
[11.954s] Level 5:colcon.colcon_core.verb:set package 'turtlebot4_controller' build argument 'catkin_cmake_args' from command line to 'None'
[11.954s] Level 5:colcon.colcon_core.verb:set package 'turtlebot4_controller' build argument 'catkin_skip_building_tests' from command line to 'False'
[11.954s] DEBUG:colcon.colcon_core.verb:Building package 'turtlebot4_controller' with the following arguments: {'ament_cmake_args': None, 'build_base': '/home/ubuntu20/ros2_ws/src/build/turtlebot4_controller', 'catkin_cmake_args': None, 'catkin_skip_building_tests': False, 'cmake_args': None, 'cmake_clean_cache': False, 'cmake_clean_first': False, 'cmake_force_configure': False, 'cmake_target': None, 'cmake_target_skip_unavailable': False, 'install_base': '/home/ubuntu20/ros2_ws/src/install/turtlebot4_controller', 'merge_install': False, 'path': '/home/ubuntu20/ros2_ws/src/turtlebot4_controller', 'symlink_install': True, 'test_result_base': None}
[12.123s] INFO:colcon.colcon_core.executor:Executing jobs using 'parallel' executor
[12.292s] DEBUG:colcon.colcon_parallel_executor.executor.parallel:run_until_complete
[12.293s] INFO:colcon.colcon_ros.task.ament_python.build:Building ROS package in '/home/ubuntu20/ros2_ws/src/turtlebot4_controller' with build type 'ament_python'
[12.293s] Level 1:colcon.colcon_core.shell:create_environment_hook('turtlebot4_controller', 'ament_prefix_path')
[12.476s] INFO:colcon.colcon_core.plugin_system:Skipping extension 'colcon_core.shell.bat': Not used on non-Windows systems
[12.477s] INFO:colcon.colcon_core.shell:Creating environment hook '/home/ubuntu20/ros2_ws/src/install/turtlebot4_controller/share/turtlebot4_controller/hook/ament_prefix_path.ps1'
[12.478s] INFO:colcon.colcon_core.shell:Creating environment descriptor '/home/ubuntu20/ros2_ws/src/install/turtlebot4_controller/share/turtlebot4_controller/hook/ament_prefix_path.dsv'
[12.479s] INFO:colcon.colcon_core.shell:Creating environment hook '/home/ubuntu20/ros2_ws/src/install/turtlebot4_controller/share/turtlebot4_controller/hook/ament_prefix_path.sh'
[12.662s] INFO:colcon.colcon_core.shell:Skip shell extension 'powershell' for command environment: Not usable outside of PowerShell
[12.662s] DEBUG:colcon.colcon_core.shell:Skip shell extension 'dsv' for command environment
[13.528s] INFO:colcon.colcon_core.task.python.build:Building Python package in '/home/ubuntu20/ros2_ws/src/turtlebot4_controller'
[13.696s] INFO:colcon.colcon_core.shell:Skip shell extension 'powershell' for command environment: Not usable outside of PowerShell
[13.696s] DEBUG:colcon.colcon_core.shell:Skip shell extension 'dsv' for command environment
[14.916s] DEBUG:colcon.colcon_core.event_handler.log_command:Invoking command in '/home/ubuntu20/ros2_ws/src/build/turtlebot4_controller': PYTHONPATH=/home/ubuntu20/ros2_ws/src/build/turtlebot4_controller/prefix_override:/home/ubuntu20/ros2_ws/src/install/turtlebot4_controller/lib/python3.8/site-packages:${PYTHONPATH} /usr/bin/python3 setup.py develop --editable --build-directory /home/ubuntu20/ros2_ws/src/build/turtlebot4_controller/build --no-deps install_data
[15.583s] Level 1:colcon.colcon_core.shell:create_environment_hook('turtlebot4_controller', 'pythonpath_develop')
[15.584s] DEBUG:colcon.colcon_core.event_handler.log_command:Invoked command in '/home/ubuntu20/ros2_ws/src/build/turtlebot4_controller' returned '0': PYTHONPATH=/home/ubuntu20/ros2_ws/src/build/turtlebot4_controller/prefix_override:/home/ubuntu20/ros2_ws/src/install/turtlebot4_controller/lib/python3.8/site-packages:${PYTHONPATH} /usr/bin/python3 setup.py develop --editable --build-directory /home/ubuntu20/ros2_ws/src/build/turtlebot4_controller/build --no-deps install_data
[15.740s] INFO:colcon.colcon_core.shell:Creating environment hook '/home/ubuntu20/ros2_ws/src/build/turtlebot4_controller/share/turtlebot4_controller/hook/pythonpath_develop.ps1'
[15.741s] INFO:colcon.colcon_core.shell:Creating environment descriptor '/home/ubuntu20/ros2_ws/src/build/turtlebot4_controller/share/turtlebot4_controller/hook/pythonpath_develop.dsv'
[15.741s] INFO:colcon.colcon_core.shell:Creating environment hook '/home/ubuntu20/ros2_ws/src/build/turtlebot4_controller/share/turtlebot4_controller/hook/pythonpath_develop.sh'
[15.913s] Level 1:colcon.colcon_core.environment:checking '/home/ubuntu20/ros2_ws/src/install/turtlebot4_controller' for CMake module files
[15.914s] Level 1:colcon.colcon_core.environment:checking '/home/ubuntu20/ros2_ws/src/install/turtlebot4_controller' for CMake config files
[15.915s] Level 1:colcon.colcon_core.environment:checking '/home/ubuntu20/ros2_ws/src/install/turtlebot4_controller/lib'
[15.915s] Level 1:colcon.colcon_core.environment:checking '/home/ubuntu20/ros2_ws/src/install/turtlebot4_controller/bin'
[15.915s] Level 1:colcon.colcon_core.environment:checking '/home/ubuntu20/ros2_ws/src/install/turtlebot4_controller/lib/pkgconfig/turtlebot4_controller.pc'
[15.915s] Level 1:colcon.colcon_core.environment:checking '/home/ubuntu20/ros2_ws/src/install/turtlebot4_controller/lib/python3.8/site-packages'
[15.915s] Level 1:colcon.colcon_core.shell:create_environment_hook('turtlebot4_controller', 'pythonpath')
[16.075s] INFO:colcon.colcon_core.shell:Creating environment hook '/home/ubuntu20/ros2_ws/src/install/turtlebot4_controller/share/turtlebot4_controller/hook/pythonpath.ps1'
[16.075s] INFO:colcon.colcon_core.shell:Creating environment descriptor '/home/ubuntu20/ros2_ws/src/install/turtlebot4_controller/share/turtlebot4_controller/hook/pythonpath.dsv'
[16.076s] INFO:colcon.colcon_core.shell:Creating environment hook '/home/ubuntu20/ros2_ws/src/install/turtlebot4_controller/share/turtlebot4_controller/hook/pythonpath.sh'
[16.076s] Level 1:colcon.colcon_core.environment:checking '/home/ubuntu20/ros2_ws/src/install/turtlebot4_controller/bin'
[16.076s] Level 1:colcon.colcon_core.environment:create_environment_scripts_only(turtlebot4_controller)
[16.240s] INFO:colcon.colcon_core.shell:Creating package script '/home/ubuntu20/ros2_ws/src/install/turtlebot4_controller/share/turtlebot4_controller/package.ps1'
[16.241s] INFO:colcon.colcon_core.shell:Creating package descriptor '/home/ubuntu20/ros2_ws/src/install/turtlebot4_controller/share/turtlebot4_controller/package.dsv'
[16.242s] INFO:colcon.colcon_core.shell:Creating package script '/home/ubuntu20/ros2_ws/src/install/turtlebot4_controller/share/turtlebot4_controller/package.sh'
[16.244s] INFO:colcon.colcon_core.shell:Creating package script '/home/ubuntu20/ros2_ws/src/install/turtlebot4_controller/share/turtlebot4_controller/package.bash'
[16.246s] INFO:colcon.colcon_core.shell:Creating package script '/home/ubuntu20/ros2_ws/src/install/turtlebot4_controller/share/turtlebot4_controller/package.zsh'
[16.247s] Level 1:colcon.colcon_core.environment:create_file_with_runtime_dependencies(/home/ubuntu20/ros2_ws/src/install/turtlebot4_controller/share/colcon-core/packages/turtlebot4_controller)
[16.247s] DEBUG:colcon.colcon_parallel_executor.executor.parallel:closing loop
[16.248s] DEBUG:colcon.colcon_parallel_executor.executor.parallel:loop closed
[16.248s] DEBUG:colcon.colcon_parallel_executor.executor.parallel:run_until_complete finished with '0'
[16.248s] DEBUG:colcon.colcon_core.event_reactor:joining thread
[16.438s] INFO:colcon.colcon_core.plugin_system:Skipping extension 'colcon_notification.desktop_notification.terminal_notifier': Not used on non-Darwin systems
[16.438s] INFO:colcon.colcon_core.plugin_system:Skipping extension 'colcon_notification.desktop_notification.win32': Not used on non-Windows systems
[16.439s] INFO:colcon.colcon_notification.desktop_notification:Sending desktop notification using 'notify2'
[16.461s] DEBUG:colcon.colcon_core.event_reactor:joined thread
[16.579s] INFO:colcon.colcon_core.shell:Creating prefix script '/home/ubuntu20/ros2_ws/src/install/local_setup.ps1'
[16.580s] INFO:colcon.colcon_core.shell:Creating prefix util module '/home/ubuntu20/ros2_ws/src/install/_local_setup_util_ps1.py'
[16.581s] INFO:colcon.colcon_core.shell:Creating prefix chain script '/home/ubuntu20/ros2_ws/src/install/setup.ps1'
[16.691s] INFO:colcon.colcon_core.shell:Creating prefix script '/home/ubuntu20/ros2_ws/src/install/local_setup.sh'
[16.692s] INFO:colcon.colcon_core.shell:Creating prefix util module '/home/ubuntu20/ros2_ws/src/install/_local_setup_util_sh.py'
[16.692s] INFO:colcon.colcon_core.shell:Creating prefix chain script '/home/ubuntu20/ros2_ws/src/install/setup.sh'
[16.803s] INFO:colcon.colcon_core.shell:Creating prefix script '/home/ubuntu20/ros2_ws/src/install/local_setup.bash'
[16.803s] INFO:colcon.colcon_core.shell:Creating prefix chain script '/home/ubuntu20/ros2_ws/src/install/setup.bash'
[16.917s] INFO:colcon.colcon_core.shell:Creating prefix script '/home/ubuntu20/ros2_ws/src/install/local_setup.zsh'
[16.917s] INFO:colcon.colcon_core.shell:Creating prefix chain script '/home/ubuntu20/ros2_ws/src/install/setup.zsh'
